2024/03/28 13:52:28 - mmengine - INFO - 
------------------------------------------------------------
System environment:
    sys.platform: linux
    Python: 3.11.0 (main, Mar  1 2023, 18:26:19) [GCC 11.2.0]
    CUDA available: True
    MUSA available: False
    numpy_random_seed: 818180380
    GPU 0,1: Quadro RTX 6000
    CUDA_HOME: /opt/cuda
    NVCC: Cuda compilation tools, release 12.3, V12.3.107
    GCC: gcc (GCC) 13.2.1 20230801
    PyTorch: 2.2.0+cu121
    PyTorch compiling details: PyTorch built with:
  - GCC 9.3
  - C++ Version: 201703
  - Intel(R) oneAPI Math Kernel Library Version 2022.2-Product Build 20220804 for Intel(R) 64 architecture applications
  - Intel(R) MKL-DNN v3.3.2 (Git Hash 2dc95a2ad0841e29db8b22fbccaf3e5da7992b01)
  - OpenMP 201511 (a.k.a. OpenMP 4.5)
  - LAPACK is enabled (usually provided by MKL)
  - NNPACK is enabled
  - CPU capability usage: AVX512
  - CUDA Runtime 12.1
  - NVCC architecture flags: -gencode;arch=compute_50,code=sm_50;-gencode;arch=compute_60,code=sm_60;-gencode;arch=compute_70,code=sm_70;-gencode;arch=compute_75,code=sm_75;-gencode;arch=compute_80,code=sm_80;-gencode;arch=compute_86,code=sm_86;-gencode;arch=compute_90,code=sm_90
  - CuDNN 8.9.2
  - Magma 2.6.1
  - Build settings: BLAS_INFO=mkl, BUILD_TYPE=Release, CUDA_VERSION=12.1, CUDNN_VERSION=8.9.2, CXX_COMPILER=/opt/rh/devtoolset-9/root/usr/bin/c++, CXX_FLAGS= -D_GLIBCXX_USE_CXX11_ABI=0 -fabi-version=11 -fvisibility-inlines-hidden -DUSE_PTHREADPOOL -DNDEBUG -DUSE_KINETO -DLIBKINETO_NOROCTRACER -DUSE_FBGEMM -DUSE_QNNPACK -DUSE_PYTORCH_QNNPACK -DUSE_XNNPACK -DSYMBOLICATE_MOBILE_DEBUG_HANDLE -O2 -fPIC -Wall -Wextra -Werror=return-type -Werror=non-virtual-dtor -Werror=bool-operation -Wnarrowing -Wno-missing-field-initializers -Wno-type-limits -Wno-array-bounds -Wno-unknown-pragmas -Wno-unused-parameter -Wno-unused-function -Wno-unused-result -Wno-strict-overflow -Wno-strict-aliasing -Wno-stringop-overflow -Wsuggest-override -Wno-psabi -Wno-error=pedantic -Wno-error=old-style-cast -Wno-missing-braces -fdiagnostics-color=always -faligned-new -Wno-unused-but-set-variable -Wno-maybe-uninitialized -fno-math-errno -fno-trapping-math -Werror=format -Wno-stringop-overflow, LAPACK_INFO=mkl, PERF_WITH_AVX=1, PERF_WITH_AVX2=1, PERF_WITH_AVX512=1, TORCH_VERSION=2.2.0, USE_CUDA=ON, USE_CUDNN=ON, USE_EXCEPTION_PTR=1, USE_GFLAGS=OFF, USE_GLOG=OFF, USE_MKL=ON, USE_MKLDNN=ON, USE_MPI=OFF, USE_NCCL=1, USE_NNPACK=ON, USE_OPENMP=ON, USE_ROCM=OFF, USE_ROCM_KERNEL_ASSERT=OFF, 

    TorchVision: 0.17.0+cu121
    OpenCV: 4.9.0
    MMEngine: 0.10.3

Runtime environment:
    cudnn_benchmark: False
    mp_cfg: {'mp_start_method': 'fork', 'opencv_num_threads': 0}
    dist_cfg: {'backend': 'nccl'}
    seed: 818180380
    Distributed launcher: none
    Distributed training: False
    GPU number: 1
------------------------------------------------------------

2024/03/28 13:52:29 - mmengine - INFO - Config:
auto_scale_lr = dict(base_batch_size=8)
backend_args = None
checkpoint = '/home/woody/iwi5/iwi5093h/models/swin_base_patch4_window12_384_22kto1k-d59b0d1d.pth'
custom_imports = dict(
    allow_failed_imports=False,
    imports=[
        'gesture_recognition.datasets.sniffyart_gesture_detection',
    ])
data_root = 'data/sniffyart/'
dataset_type = 'SniffyArtGestureDetection'
default_hooks = dict(
    checkpoint=dict(
        rule='greater', save_best='coco/bbox_mAP', type='CheckpointHook'),
    logger=dict(interval=50, type='LoggerHook'),
    param_scheduler=dict(type='ParamSchedulerHook'),
    sampler_seed=dict(type='DistSamplerSeedHook'),
    timer=dict(type='IterTimerHook'),
    visualization=dict(type='DetVisualizationHook'))
default_scope = 'mmdet'
env_cfg = dict(
    cudnn_benchmark=False,
    dist_cfg=dict(backend='nccl'),
    mp_cfg=dict(mp_start_method='fork', opencv_num_threads=0))
launcher = 'none'
load_from = None
log_level = 'INFO'
log_processor = dict(by_epoch=True, type='LogProcessor', window_size=50)
max_epochs = 200
model = dict(
    as_two_stage=True,
    backbone=dict(
        depths=[
            2,
            2,
            18,
            2,
        ],
        embed_dims=128,
        init_cfg=dict(
            checkpoint=
            '/home/woody/iwi5/iwi5093h/models/swin_base_patch4_window12_384_22kto1k-d59b0d1d.pth',
            prefix='backbone',
            type='Pretrained'),
        num_heads=[
            4,
            8,
            16,
            32,
        ],
        pretrain_img_size=384,
        type='SwinTransformer',
        window_size=12),
    bbox_head=dict(
        loss_bbox=dict(loss_weight=5.0, type='L1Loss'),
        loss_cls=dict(
            alpha=0.25,
            gamma=2.0,
            loss_weight=1.0,
            type='FocalLoss',
            use_sigmoid=True),
        loss_iou=dict(loss_weight=2.0, type='GIoULoss'),
        num_classes=16,
        sync_cls_avg_factor=True,
        type='DINOHead'),
    data_preprocessor=dict(
        bgr_to_rgb=True,
        mean=[
            123.675,
            116.28,
            103.53,
        ],
        pad_size_divisor=1,
        std=[
            58.395,
            57.12,
            57.375,
        ],
        type='DetDataPreprocessor'),
    decoder=dict(
        layer_cfg=dict(
            cross_attn_cfg=dict(dropout=0.0, embed_dims=256, num_levels=4),
            ffn_cfg=dict(
                embed_dims=256, feedforward_channels=2048, ffn_drop=0.0),
            self_attn_cfg=dict(dropout=0.0, embed_dims=256, num_heads=8)),
        num_layers=6,
        post_norm_cfg=None,
        return_intermediate=True),
    dn_cfg=dict(
        box_noise_scale=1.0,
        group_cfg=dict(dynamic=True, num_dn_queries=100, num_groups=None),
        label_noise_scale=0.5),
    encoder=dict(
        layer_cfg=dict(
            ffn_cfg=dict(
                embed_dims=256, feedforward_channels=2048, ffn_drop=0.0),
            self_attn_cfg=dict(dropout=0.0, embed_dims=256, num_levels=4)),
        num_layers=6),
    neck=dict(
        act_cfg=None,
        in_channels=[
            128,
            256,
            512,
            1024,
        ],
        kernel_size=1,
        norm_cfg=dict(num_groups=32, type='GN'),
        num_outs=4,
        out_channels=256,
        type='ChannelMapper'),
    num_queries=900,
    positional_encoding=dict(
        normalize=True, num_feats=128, offset=0.0, temperature=20),
    test_cfg=dict(max_per_img=300),
    train_cfg=dict(
        assigner=dict(
            match_costs=[
                dict(type='FocalLossCost', weight=2.0),
                dict(box_format='xywh', type='BBoxL1Cost', weight=5.0),
                dict(iou_mode='giou', type='IoUCost', weight=2.0),
            ],
            type='HungarianAssigner')),
    type='DINO',
    with_box_refine=True)
num_levels = 4
optim_wrapper = dict(
    clip_grad=dict(max_norm=0.1, norm_type=2),
    optimizer=dict(lr=0.0001, type='AdamW', weight_decay=0.0001),
    paramwise_cfg=dict(custom_keys=dict(backbone=dict(lr_mult=0.1))),
    type='OptimWrapper')
param_scheduler = [
    dict(
        begin=0,
        by_epoch=True,
        end=200,
        gamma=0.1,
        milestones=[
            150,
            180,
        ],
        type='MultiStepLR'),
]
resume = False
test_cfg = dict(type='TestLoop')
test_dataloader = dict(
    batch_size=1,
    dataset=dict(
        ann_file='v2/test.json',
        backend_args=None,
        data_prefix=dict(img='images/'),
        data_root='data/sniffyart/',
        pipeline=[
            dict(backend_args=None, type='LoadImageFromFile'),
            dict(keep_ratio=True, scale=(
                1333,
                800,
            ), type='Resize'),
            dict(type='LoadAnnotations', with_bbox=True),
            dict(
                meta_keys=(
                    'img_id',
                    'img_path',
                    'ori_shape',
                    'img_shape',
                    'scale_factor',
                ),
                type='PackDetInputs'),
        ],
        test_mode=True,
        type='SniffyArtGestureDetection'),
    drop_last=False,
    num_workers=2,
    persistent_workers=True,
    sampler=dict(shuffle=False, type='DefaultSampler'))
test_evaluator = dict(
    ann_file='tmpdir/0/test.json',
    backend_args=None,
    format_only=False,
    metric='bbox',
    type='CocoMetric')
test_pipeline = [
    dict(backend_args=None, type='LoadImageFromFile'),
    dict(keep_ratio=True, scale=(
        1333,
        800,
    ), type='Resize'),
    dict(type='LoadAnnotations', with_bbox=True),
    dict(
        meta_keys=(
            'img_id',
            'img_path',
            'ori_shape',
            'img_shape',
            'scale_factor',
        ),
        type='PackDetInputs'),
]
train_cfg = dict(max_epochs=200, type='EpochBasedTrainLoop', val_interval=1)
train_dataloader = dict(
    batch_sampler=dict(type='AspectRatioBatchSampler'),
    batch_size=1,
    dataset=dict(
        ann_file='v2/train.json',
        backend_args=None,
        data_prefix=dict(img='images/'),
        data_root='data/sniffyart/',
        filter_cfg=dict(filter_empty_gt=False, min_size=32),
        pipeline=[
            dict(backend_args=None, type='LoadImageFromFile'),
            dict(type='LoadAnnotations', with_bbox=True),
            dict(prob=0.5, type='RandomFlip'),
            dict(
                transforms=[
                    [
                        dict(
                            keep_ratio=True,
                            scales=[
                                (
                                    480,
                                    1333,
                                ),
                                (
                                    512,
                                    1333,
                                ),
                                (
                                    544,
                                    1333,
                                ),
                                (
                                    576,
                                    1333,
                                ),
                                (
                                    608,
                                    1333,
                                ),
                                (
                                    640,
                                    1333,
                                ),
                                (
                                    672,
                                    1333,
                                ),
                                (
                                    704,
                                    1333,
                                ),
                                (
                                    736,
                                    1333,
                                ),
                                (
                                    768,
                                    1333,
                                ),
                                (
                                    800,
                                    1333,
                                ),
                            ],
                            type='RandomChoiceResize'),
                    ],
                    [
                        dict(
                            keep_ratio=True,
                            scales=[
                                (
                                    400,
                                    4200,
                                ),
                                (
                                    500,
                                    4200,
                                ),
                                (
                                    600,
                                    4200,
                                ),
                            ],
                            type='RandomChoiceResize'),
                        dict(
                            allow_negative_crop=True,
                            crop_size=(
                                384,
                                600,
                            ),
                            crop_type='absolute_range',
                            type='RandomCrop'),
                        dict(
                            keep_ratio=True,
                            scales=[
                                (
                                    480,
                                    1333,
                                ),
                                (
                                    512,
                                    1333,
                                ),
                                (
                                    544,
                                    1333,
                                ),
                                (
                                    576,
                                    1333,
                                ),
                                (
                                    608,
                                    1333,
                                ),
                                (
                                    640,
                                    1333,
                                ),
                                (
                                    672,
                                    1333,
                                ),
                                (
                                    704,
                                    1333,
                                ),
                                (
                                    736,
                                    1333,
                                ),
                                (
                                    768,
                                    1333,
                                ),
                                (
                                    800,
                                    1333,
                                ),
                            ],
                            type='RandomChoiceResize'),
                    ],
                ],
                type='RandomChoice'),
            dict(type='PackDetInputs'),
        ],
        type='SniffyArtGestureDetection'),
    num_workers=1,
    persistent_workers=True,
    sampler=dict(shuffle=True, type='DefaultSampler'))
train_pipeline = [
    dict(backend_args=None, type='LoadImageFromFile'),
    dict(type='LoadAnnotations', with_bbox=True),
    dict(prob=0.5, type='RandomFlip'),
    dict(
        transforms=[
            [
                dict(
                    keep_ratio=True,
                    scales=[
                        (
                            480,
                            1333,
                        ),
                        (
                            512,
                            1333,
                        ),
                        (
                            544,
                            1333,
                        ),
                        (
                            576,
                            1333,
                        ),
                        (
                            608,
                            1333,
                        ),
                        (
                            640,
                            1333,
                        ),
                        (
                            672,
                            1333,
                        ),
                        (
                            704,
                            1333,
                        ),
                        (
                            736,
                            1333,
                        ),
                        (
                            768,
                            1333,
                        ),
                        (
                            800,
                            1333,
                        ),
                    ],
                    type='RandomChoiceResize'),
            ],
            [
                dict(
                    keep_ratio=True,
                    scales=[
                        (
                            400,
                            4200,
                        ),
                        (
                            500,
                            4200,
                        ),
                        (
                            600,
                            4200,
                        ),
                    ],
                    type='RandomChoiceResize'),
                dict(
                    allow_negative_crop=True,
                    crop_size=(
                        384,
                        600,
                    ),
                    crop_type='absolute_range',
                    type='RandomCrop'),
                dict(
                    keep_ratio=True,
                    scales=[
                        (
                            480,
                            1333,
                        ),
                        (
                            512,
                            1333,
                        ),
                        (
                            544,
                            1333,
                        ),
                        (
                            576,
                            1333,
                        ),
                        (
                            608,
                            1333,
                        ),
                        (
                            640,
                            1333,
                        ),
                        (
                            672,
                            1333,
                        ),
                        (
                            704,
                            1333,
                        ),
                        (
                            736,
                            1333,
                        ),
                        (
                            768,
                            1333,
                        ),
                        (
                            800,
                            1333,
                        ),
                    ],
                    type='RandomChoiceResize'),
            ],
        ],
        type='RandomChoice'),
    dict(type='PackDetInputs'),
]
val_cfg = dict(type='ValLoop')
val_dataloader = dict(
    batch_size=1,
    dataset=dict(
        ann_file='v2/valid.json',
        backend_args=None,
        data_prefix=dict(img='images/'),
        data_root='data/sniffyart/',
        pipeline=[
            dict(backend_args=None, type='LoadImageFromFile'),
            dict(keep_ratio=True, scale=(
                1333,
                800,
            ), type='Resize'),
            dict(type='LoadAnnotations', with_bbox=True),
            dict(
                meta_keys=(
                    'img_id',
                    'img_path',
                    'ori_shape',
                    'img_shape',
                    'scale_factor',
                ),
                type='PackDetInputs'),
        ],
        test_mode=True,
        type='SniffyArtGestureDetection'),
    drop_last=False,
    num_workers=2,
    persistent_workers=True,
    sampler=dict(shuffle=False, type='DefaultSampler'))
val_evaluator = dict(
    ann_file='tmpdir/0/valid.json',
    backend_args=None,
    format_only=False,
    metric='bbox',
    type='CocoMetric')
vis_backends = [
    dict(type='LocalVisBackend'),
]
visualizer = dict(
    name='visualizer',
    type='DetLocalVisualizer',
    vis_backends=[
        dict(type='LocalVisBackend'),
    ])
work_dir = './work_dirs/gesture_detection'

2024/03/28 13:52:30 - mmengine - INFO - Distributed training is not used, all SyncBatchNorm (SyncBN) layers in the model will be automatically reverted to BatchNormXd layers if they are used.
2024/03/28 13:52:30 - mmengine - INFO - Hooks will be executed in the following order:
before_run:
(VERY_HIGH   ) RuntimeInfoHook                    
(BELOW_NORMAL) LoggerHook                         
 -------------------- 
before_train:
(VERY_HIGH   ) RuntimeInfoHook                    
(NORMAL      ) IterTimerHook                      
(VERY_LOW    ) CheckpointHook                     
 -------------------- 
before_train_epoch:
(VERY_HIGH   ) RuntimeInfoHook                    
(NORMAL      ) IterTimerHook                      
(NORMAL      ) DistSamplerSeedHook                
 -------------------- 
before_train_iter:
(VERY_HIGH   ) RuntimeInfoHook                    
(NORMAL      ) IterTimerHook                      
 -------------------- 
after_train_iter:
(VERY_HIGH   ) RuntimeInfoHook                    
(NORMAL      ) IterTimerHook                      
(BELOW_NORMAL) LoggerHook                         
(LOW         ) ParamSchedulerHook                 
(VERY_LOW    ) CheckpointHook                     
 -------------------- 
after_train_epoch:
(NORMAL      ) IterTimerHook                      
(LOW         ) ParamSchedulerHook                 
(VERY_LOW    ) CheckpointHook                     
 -------------------- 
before_val:
(VERY_HIGH   ) RuntimeInfoHook                    
 -------------------- 
before_val_epoch:
(NORMAL      ) IterTimerHook                      
 -------------------- 
before_val_iter:
(NORMAL      ) IterTimerHook                      
 -------------------- 
after_val_iter:
(NORMAL      ) IterTimerHook                      
(NORMAL      ) DetVisualizationHook               
(BELOW_NORMAL) LoggerHook                         
 -------------------- 
after_val_epoch:
(VERY_HIGH   ) RuntimeInfoHook                    
(NORMAL      ) IterTimerHook                      
(BELOW_NORMAL) LoggerHook                         
(LOW         ) ParamSchedulerHook                 
(VERY_LOW    ) CheckpointHook                     
 -------------------- 
after_val:
(VERY_HIGH   ) RuntimeInfoHook                    
 -------------------- 
after_train:
(VERY_HIGH   ) RuntimeInfoHook                    
(VERY_LOW    ) CheckpointHook                     
 -------------------- 
before_test:
(VERY_HIGH   ) RuntimeInfoHook                    
 -------------------- 
before_test_epoch:
(NORMAL      ) IterTimerHook                      
 -------------------- 
before_test_iter:
(NORMAL      ) IterTimerHook                      
 -------------------- 
after_test_iter:
(NORMAL      ) IterTimerHook                      
(NORMAL      ) DetVisualizationHook               
(BELOW_NORMAL) LoggerHook                         
 -------------------- 
after_test_epoch:
(VERY_HIGH   ) RuntimeInfoHook                    
(NORMAL      ) IterTimerHook                      
(BELOW_NORMAL) LoggerHook                         
 -------------------- 
after_test:
(VERY_HIGH   ) RuntimeInfoHook                    
 -------------------- 
after_run:
(BELOW_NORMAL) LoggerHook                         
 -------------------- 
